<?xml version="1.0" encoding="UTF-8"?>
<!-- Generated by org.testng.reporters.JUnitReportReporter -->
<testsuite hostname="DESKTOP-R8DAEJM" failures="0" tests="1" name="com.actitime.testscripts.EnterTime" time="20.072" errors="0" timestamp="2020-06-02T17:41:13 IST" skipped="0">
  <testcase classname="com.actitime.testscripts.EnterTime" name="testEnterTime" time="20.072"/>
  <system-out>
Time entered  </system-out>
</testsuite> <!-- com.actitime.testscripts.EnterTime -->
