<?xml version="1.0" encoding="UTF-8"?>
<!-- Generated by org.testng.reporters.JUnitReportReporter -->
<testsuite hostname="DESKTOP-R8DAEJM" failures="0" tests="1" name="QSpider.ScreenShotTest" time="9.961" errors="0" timestamp="2020-06-02T08:40:46 IST" skipped="0">
  <testcase classname="QSpider.ScreenShotTest" name="testSS" time="9.961"/>
  <system-out/>
</testsuite> <!-- QSpider.ScreenShotTest -->
