<?xml version="1.0" encoding="UTF-8"?>
<!-- Generated by org.testng.reporters.JUnitReportReporter -->
<testsuite hostname="DESKTOP-R8DAEJM" failures="0" tests="1" name="Assignment.BBCAsmt5" time="12.727" errors="0" timestamp="2020-06-11T12:24:56 IST" skipped="0">
  <testcase classname="Assignment.BBCAsmt5" name="testBBC" time="12.727"/>
  <system-out/>
</testsuite> <!-- Assignment.BBCAsmt5 -->
