<?xml version="1.0" encoding="UTF-8"?>
<!-- Generated by org.testng.reporters.JUnitReportReporter -->
<testsuite hostname="DESKTOP-R8DAEJM" failures="0" tests="1" name="QSpider.Deletee" time="0.012" errors="0" timestamp="2020-05-22T12:19:26 IST" skipped="0">
  <testcase classname="QSpider.Deletee" name="deleteCustomer" time="0.012"/>
  <system-out>
TC_3: Delete Customer  </system-out>
</testsuite> <!-- QSpider.Deletee -->
