<?xml version="1.0" encoding="UTF-8"?>
<!-- Generated by org.testng.reporters.JUnitReportReporter -->
<testsuite hostname="DESKTOP-R8DAEJM" failures="0" tests="1" name="com.actitime.testscripts.ModifyCustomer" time="165.389" errors="0" timestamp="2020-06-02T17:20:57 IST" skipped="0">
  <testcase classname="com.actitime.testscripts.ModifyCustomer" name="testModifyCustomer" time="165.389"/>
  <system-out>
Modify customer Modify customer Modify customer Modify customer  </system-out>
</testsuite> <!-- com.actitime.testscripts.ModifyCustomer -->
