<?xml version="1.0" encoding="UTF-8"?>
<!-- Generated by org.testng.reporters.JUnitReportReporter -->
<testsuite hostname="DESKTOP-R8DAEJM" failures="0" tests="1" name="com.actitime.testscripts.SearchCustomer" time="34.541" errors="0" timestamp="2020-06-02T17:20:57 IST" skipped="0">
  <testcase classname="com.actitime.testscripts.SearchCustomer" name="testSearchCustomer" time="34.541"/>
  <system-out>
Search Customer Search Customer Search Customer Search Customer  </system-out>
</testsuite> <!-- com.actitime.testscripts.SearchCustomer -->
