<?xml version="1.0" encoding="UTF-8"?>
<!-- Generated by org.testng.reporters.JUnitReportReporter -->
<testsuite hostname="DESKTOP-R8DAEJM" failures="0" tests="1" name="com.actitime.testscripts.CreateCustomer" time="155.306" errors="0" timestamp="2020-06-02T17:20:57 IST" skipped="0">
  <testcase classname="com.actitime.testscripts.CreateCustomer" name="testCreateClass" time="155.306"/>
  <system-out>
 Create Customer  Create Customer  Create Customer  Create Customer  </system-out>
</testsuite> <!-- com.actitime.testscripts.CreateCustomer -->
