<?xml version="1.0" encoding="UTF-8"?>
<!-- Generated by org.testng.reporters.JUnitReportReporter -->
<testsuite hostname="DESKTOP-R8DAEJM" failures="0" tests="2" name="com.actitime.testscripts.demo" time="21.252" errors="0" timestamp="2020-05-22T16:13:53 IST" skipped="0">
  <testcase classname="com.actitime.testscripts.demo" name="Login" time="11.936"/>
  <system-out>
TC_01 : Login  </system-out>
  <testcase classname="com.actitime.testscripts.demo" name="Logout" time="9.316"/>
  <system-out>
TC_02 : LogOut  </system-out>
</testsuite> <!-- com.actitime.testscripts.demo -->
