<?xml version="1.0" encoding="UTF-8"?>
<!-- Generated by org.testng.reporters.JUnitReportReporter -->
<testsuite hostname="DESKTOP-R8DAEJM" failures="0" tests="1" name="QSpider.Create" time="0.003" errors="0" timestamp="2020-05-22T12:19:26 IST" skipped="0">
  <testcase classname="QSpider.Create" name="modifyCustomer" time="0.003"/>
  <system-out>
TC_2: Modify Customer  </system-out>
</testsuite> <!-- QSpider.Create -->
