<?xml version="1.0" encoding="UTF-8"?>
<!-- Generated by org.testng.reporters.JUnitReportReporter -->
<testsuite hostname="DESKTOP-R8DAEJM" failures="0" tests="1" name="Assignment.ClearTripAsmt4" time="67.539" errors="0" timestamp="2020-06-11T12:23:18 IST" skipped="0">
  <testcase classname="Assignment.ClearTripAsmt4" name="testClearTrip" time="67.539"/>
  <system-out/>
</testsuite> <!-- Assignment.ClearTripAsmt4 -->
