<?xml version="1.0" encoding="UTF-8"?>
<!-- Generated by org.testng.reporters.JUnitReportReporter -->
<testsuite hostname="DESKTOP-R8DAEJM" failures="0" tests="3" name="QSpider.TestDemo" time="0.005" errors="0" timestamp="2020-05-22T12:03:40 IST" skipped="0">
  <testcase classname="QSpider.TestDemo" name="demo2" time="0.002"/>
  <system-out>
This is TestNG  </system-out>
  <testcase classname="QSpider.TestDemo" name="demo3" time="0.001"/>
  <system-out>
I am Gum  </system-out>
  <testcase classname="QSpider.TestDemo" name="testDemo" time="0.002"/>
  <system-out>
Welcome to Qspider  </system-out>
</testsuite> <!-- QSpider.TestDemo -->
