<?xml version="1.0" encoding="UTF-8"?>
<!-- Generated by org.testng.reporters.JUnitReportReporter -->
<testsuite hostname="DESKTOP-R8DAEJM" failures="0" tests="1" name="Assignment.SearchWiproJobs" time="18.917" errors="0" timestamp="2020-06-11T12:42:01 IST" skipped="0">
  <testcase classname="Assignment.SearchWiproJobs" name="testSearchWiproJobs" time="18.917"/>
  <system-out/>
</testsuite> <!-- Assignment.SearchWiproJobs -->
