<?xml version="1.0" encoding="UTF-8"?>
<!-- Generated by org.testng.reporters.JUnitReportReporter -->
<testsuite hostname="DESKTOP-R8DAEJM" failures="0" tests="1" name="Assignment.AmazonIphoneAsmt3" time="20.942" errors="0" timestamp="2020-06-11T12:14:03 IST" skipped="0">
  <testcase classname="Assignment.AmazonIphoneAsmt3" name="testAmazonIphone" time="20.942"/>
  <system-out/>
</testsuite> <!-- Assignment.AmazonIphoneAsmt3 -->
