<?xml version="1.0" encoding="UTF-8"?>
<!-- Generated by org.testng.reporters.JUnitReportReporter -->
<testsuite hostname="DESKTOP-R8DAEJM" failures="0" tests="2" name="com.actitime.testscripts.SearchCustomer" time="36.377" errors="0" timestamp="2020-06-22T16:37:14 IST" skipped="0">
  <testcase classname="com.actitime.testscripts.SearchCustomer" name="testSearchCustomerNegative" time="23.955"/>
  <system-out>
Customer found  </system-out>
  <testcase classname="com.actitime.testscripts.SearchCustomer" name="testSearchCustomerPositive" time="12.422"/>
  <system-out>
Customer found  </system-out>
</testsuite> <!-- com.actitime.testscripts.SearchCustomer -->
