<?xml version="1.0" encoding="UTF-8"?>
<!-- Generated by org.testng.reporters.JUnitReportReporter -->
<testsuite hostname="DESKTOP-R8DAEJM" failures="0" tests="2" name="com.actitime.testscripts.CustomerTest" time="65.095" errors="0" timestamp="2020-06-22T16:37:14 IST" skipped="0">
  <testcase classname="com.actitime.testscripts.CustomerTest" name="testCreateCustomerHomePage" time="36.033"/>
  <system-out>
Customer Created Successfully  </system-out>
  <testcase classname="com.actitime.testscripts.CustomerTest" name="testCreateCustomerTaskListPage" time="29.062"/>
  <system-out>
Customer Created Successfully  </system-out>
</testsuite> <!-- com.actitime.testscripts.CustomerTest -->
