<?xml version="1.0" encoding="UTF-8"?>
<!-- Generated by org.testng.reporters.JUnitReportReporter -->
<testsuite hostname="DESKTOP-R8DAEJM" failures="0" tests="2" name="com.actitime.testscripts.DeleteCustomer" time="57.758" errors="0" timestamp="2020-06-22T16:37:14 IST" skipped="0">
  <testcase classname="com.actitime.testscripts.DeleteCustomer" name="testDeleteCustomerMethod2" time="30.567"/>
  <system-out>
Customer deleted successfully  </system-out>
  <testcase classname="com.actitime.testscripts.DeleteCustomer" name="testDeleteCustomerMethod1" time="27.191"/>
  <system-out>
Customer deleted successfully  </system-out>
</testsuite> <!-- com.actitime.testscripts.DeleteCustomer -->
