<?xml version="1.0" encoding="UTF-8"?>
<!-- Generated by org.testng.reporters.JUnitReportReporter -->
<testsuite hostname="DESKTOP-R8DAEJM" failures="0" tests="2" name="com.actitime.testscripts.CustomerTest" time="75.372" errors="0" timestamp="2020-06-22T08:28:58 IST" skipped="0">
  <testcase classname="com.actitime.testscripts.CustomerTest" name="testCreateCustomerTaskListPage" time="34.603"/>
  <system-out>
Customer Created Successfully  </system-out>
  <testcase classname="com.actitime.testscripts.CustomerTest" name="testCreateCustomerHomePage" time="40.769"/>
  <system-out>
Customer Created Successfully  </system-out>
</testsuite> <!-- com.actitime.testscripts.CustomerTest -->
